2025-06-02 12:53:21,958 - INFO - [*] Step 1: Data Preparation
2025-06-02 12:53:22,201 - INFO - [+] Using existing sklearn LFW dataset (REAL FACES)
2025-06-02 12:53:22,201 - INFO -     Total images: 9164
2025-06-02 12:53:22,260 - INFO -     Total people: 1680
2025-06-02 12:53:22,261 - INFO -     Images per person: 5.5 average
2025-06-02 12:53:22,262 - INFO - [*] Creating data splits...
2025-06-02 12:53:22,478 - INFO - [+] Data splits created:
2025-06-02 12:53:22,478 - INFO -    Train: 1175 identities, 6099 images
2025-06-02 12:53:22,480 - INFO -    Val: 252 identities, 1523 images
2025-06-02 12:53:22,480 - INFO -    Test: 253 identities, 1542 images
2025-06-02 12:53:22,480 - INFO - [*] Step 2: Model Training
2025-06-02 12:53:24,754 - INFO - [*] Starting training on cuda
2025-06-02 12:53:24,759 - INFO - Model parameters: 26,134,080
2025-06-02 12:53:24,923 - INFO - 
[*] Epoch 1/30
2025-06-02 12:56:46,216 - INFO - Train Loss: 0.4249
2025-06-02 12:56:46,217 - INFO - Val Loss: 0.1980
2025-06-02 12:56:46,217 - INFO - Val Accuracy: 0.7492
2025-06-02 12:56:47,517 - INFO - [+] Checkpoint saved: checkpoints\best_model.pth
2025-06-02 12:56:47,517 - INFO - [+] New best model saved! Val Loss: 0.1980
2025-06-02 12:56:47,517 - INFO - 
[*] Epoch 2/30
2025-06-02 12:59:11,284 - INFO - Train Loss: 0.2164
2025-06-02 12:59:11,285 - INFO - Val Loss: 0.1793
2025-06-02 12:59:11,285 - INFO - Val Accuracy: 0.7614
2025-06-02 12:59:11,762 - INFO - [+] Checkpoint saved: checkpoints\best_model.pth
2025-06-02 12:59:11,763 - INFO - [+] New best model saved! Val Loss: 0.1793
2025-06-02 12:59:11,763 - INFO - 
[*] Epoch 3/30
2025-06-02 13:01:33,497 - INFO - Train Loss: 0.1905
2025-06-02 13:01:33,497 - INFO - Val Loss: 0.1560
2025-06-02 13:01:33,497 - INFO - Val Accuracy: 0.8078
2025-06-02 13:01:34,138 - INFO - [+] Checkpoint saved: checkpoints\best_model.pth
2025-06-02 13:01:34,138 - INFO - [+] New best model saved! Val Loss: 0.1560
2025-06-02 13:01:34,138 - INFO - 
[*] Epoch 4/30
2025-06-02 13:03:59,413 - INFO - Train Loss: 0.2210
2025-06-02 13:03:59,414 - INFO - Val Loss: 0.1529
2025-06-02 13:03:59,414 - INFO - Val Accuracy: 0.7926
2025-06-02 13:04:00,048 - INFO - [+] Checkpoint saved: checkpoints\best_model.pth
2025-06-02 13:04:00,049 - INFO - [+] New best model saved! Val Loss: 0.1529
2025-06-02 13:04:00,049 - INFO - 
[*] Epoch 5/30
2025-06-02 13:06:20,713 - INFO - Train Loss: 0.1543
2025-06-02 13:06:20,713 - INFO - Val Loss: 0.1406
2025-06-02 13:06:20,714 - INFO - Val Accuracy: 0.8116
2025-06-02 13:06:21,248 - INFO - [+] Checkpoint saved: checkpoints\best_model.pth
2025-06-02 13:06:21,248 - INFO - [+] New best model saved! Val Loss: 0.1406
2025-06-02 13:06:22,386 - INFO - [+] Checkpoint saved: checkpoints\checkpoint_epoch_5.pth
2025-06-02 13:06:22,386 - INFO - 
[*] Epoch 6/30
2025-06-02 13:08:43,108 - INFO - Train Loss: 0.1418
2025-06-02 13:08:43,109 - INFO - Val Loss: 0.1430
2025-06-02 13:08:43,109 - INFO - Val Accuracy: 0.8055
2025-06-02 13:08:43,109 - INFO - 
[*] Epoch 7/30
2025-06-02 13:11:06,891 - INFO - Train Loss: 0.1297
2025-06-02 13:11:06,892 - INFO - Val Loss: 0.1388
2025-06-02 13:11:06,892 - INFO - Val Accuracy: 0.8222
2025-06-02 13:11:07,437 - INFO - [+] Checkpoint saved: checkpoints\best_model.pth
2025-06-02 13:11:07,437 - INFO - [+] New best model saved! Val Loss: 0.1388
2025-06-02 13:11:07,438 - INFO - 
[*] Epoch 8/30
2025-06-02 13:13:28,013 - INFO - Train Loss: 0.1195
2025-06-02 13:13:28,014 - INFO - Val Loss: 0.1245
2025-06-02 13:13:28,014 - INFO - Val Accuracy: 0.8359
2025-06-02 13:13:28,469 - INFO - [+] Checkpoint saved: checkpoints\best_model.pth
2025-06-02 13:13:28,469 - INFO - [+] New best model saved! Val Loss: 0.1245
2025-06-02 13:13:28,470 - INFO - 
[*] Epoch 9/30
2025-06-02 13:15:48,423 - INFO - Train Loss: 0.1203
2025-06-02 13:15:48,424 - INFO - Val Loss: 0.1557
2025-06-02 13:15:48,424 - INFO - Val Accuracy: 0.8298
2025-06-02 13:15:48,424 - INFO - 
[*] Epoch 10/30
2025-06-02 13:18:11,818 - INFO - Train Loss: 0.1824
2025-06-02 13:18:11,819 - INFO - Val Loss: 0.1883
2025-06-02 13:18:11,819 - INFO - Val Accuracy: 0.7948
2025-06-02 13:18:12,248 - INFO - [+] Checkpoint saved: checkpoints\checkpoint_epoch_10.pth
2025-06-02 13:18:12,248 - INFO - 
[*] Epoch 11/30
2025-06-02 13:20:46,770 - INFO - Train Loss: 0.1762
2025-06-02 13:20:46,770 - INFO - Val Loss: 0.1512
2025-06-02 13:20:46,770 - INFO - Val Accuracy: 0.8100
2025-06-02 13:20:46,770 - INFO - 
[*] Epoch 12/30
2025-06-02 13:23:34,444 - INFO - Train Loss: 0.1313
2025-06-02 13:23:34,444 - INFO - Val Loss: 0.1401
2025-06-02 13:23:34,444 - INFO - Val Accuracy: 0.8100
2025-06-02 13:23:34,444 - INFO - 
[*] Epoch 13/30
2025-06-02 13:25:59,781 - INFO - Train Loss: 0.1187
2025-06-02 13:25:59,781 - INFO - Val Loss: 0.1397
2025-06-02 13:25:59,781 - INFO - Val Accuracy: 0.8275
2025-06-02 13:25:59,781 - INFO - 
[*] Epoch 14/30
2025-06-02 13:28:29,239 - INFO - Train Loss: 0.1183
2025-06-02 13:28:29,239 - INFO - Val Loss: 0.1373
2025-06-02 13:28:29,239 - INFO - Val Accuracy: 0.8199
2025-06-02 13:28:29,240 - INFO - 
[*] Epoch 15/30
2025-06-02 13:30:56,769 - INFO - Train Loss: 0.0984
2025-06-02 13:30:56,770 - INFO - Val Loss: 0.1329
2025-06-02 13:30:56,770 - INFO - Val Accuracy: 0.8336
2025-06-02 13:30:57,391 - INFO - [+] Checkpoint saved: checkpoints\checkpoint_epoch_15.pth
2025-06-02 13:30:57,392 - INFO - 
[*] Epoch 16/30
2025-06-02 13:33:30,820 - INFO - Train Loss: 0.0957
2025-06-02 13:33:30,821 - INFO - Val Loss: 0.1325
2025-06-02 13:33:30,821 - INFO - Val Accuracy: 0.8283
2025-06-02 13:33:30,821 - INFO - 
[*] Epoch 17/30
2025-06-02 13:35:57,662 - INFO - Train Loss: 0.1023
2025-06-02 13:35:57,663 - INFO - Val Loss: 0.1504
2025-06-02 13:35:57,663 - INFO - Val Accuracy: 0.8146
2025-06-02 13:35:57,663 - INFO - 
[*] Epoch 18/30
2025-06-02 13:38:33,854 - INFO - Train Loss: 0.0893
2025-06-02 13:38:33,854 - INFO - Val Loss: 0.1385
2025-06-02 13:38:33,854 - INFO - Val Accuracy: 0.8290
2025-06-02 13:38:33,854 - INFO - 
[*] Epoch 19/30
2025-06-02 13:40:58,493 - INFO - Train Loss: 0.0831
2025-06-02 13:40:58,493 - INFO - Val Loss: 0.1328
2025-06-02 13:40:58,493 - INFO - Val Accuracy: 0.8305
2025-06-02 13:40:58,493 - INFO - 
[*] Epoch 20/30
2025-06-02 13:43:21,536 - INFO - Train Loss: 0.0851
2025-06-02 13:43:21,536 - INFO - Val Loss: 0.1296
2025-06-02 13:43:21,536 - INFO - Val Accuracy: 0.8283
2025-06-02 13:43:22,139 - INFO - [+] Checkpoint saved: checkpoints\checkpoint_epoch_20.pth
2025-06-02 13:43:22,140 - INFO - 
[*] Epoch 21/30
2025-06-02 13:45:44,945 - INFO - Train Loss: 0.0817
2025-06-02 13:45:44,945 - INFO - Val Loss: 0.1210
2025-06-02 13:45:44,945 - INFO - Val Accuracy: 0.8419
2025-06-02 13:45:45,703 - INFO - [+] Checkpoint saved: checkpoints\best_model.pth
2025-06-02 13:45:45,703 - INFO - [+] New best model saved! Val Loss: 0.1210
2025-06-02 13:45:45,703 - INFO - 
[*] Epoch 22/30
2025-06-02 13:48:09,741 - INFO - Train Loss: 0.0816
2025-06-02 13:48:09,741 - INFO - Val Loss: 0.1307
2025-06-02 13:48:09,741 - INFO - Val Accuracy: 0.8359
2025-06-02 13:48:09,741 - INFO - 
[*] Epoch 23/30
2025-06-02 13:50:36,087 - INFO - Train Loss: 0.0709
2025-06-02 13:50:36,087 - INFO - Val Loss: 0.1234
2025-06-02 13:50:36,087 - INFO - Val Accuracy: 0.8480
2025-06-02 13:50:36,087 - INFO - 
[*] Epoch 24/30
2025-06-02 13:52:55,407 - INFO - Train Loss: 0.0691
2025-06-02 13:52:55,407 - INFO - Val Loss: 0.1268
2025-06-02 13:52:55,407 - INFO - Val Accuracy: 0.8397
2025-06-02 13:52:55,407 - INFO - 
[*] Epoch 25/30
2025-06-02 13:55:18,801 - INFO - Train Loss: 0.0707
2025-06-02 13:55:18,801 - INFO - Val Loss: 0.1294
2025-06-02 13:55:18,801 - INFO - Val Accuracy: 0.8351
2025-06-02 13:55:19,579 - INFO - [+] Checkpoint saved: checkpoints\checkpoint_epoch_25.pth
2025-06-02 13:55:19,579 - INFO - 
[*] Epoch 26/30
2025-06-02 13:57:49,638 - INFO - Train Loss: 0.0639
2025-06-02 13:57:49,639 - INFO - Val Loss: 0.1305
2025-06-02 13:57:49,639 - INFO - Val Accuracy: 0.8321
2025-06-02 13:57:49,639 - INFO - 
[*] Epoch 27/30
2025-06-02 14:01:24,099 - INFO - Train Loss: 0.0648
2025-06-02 14:01:24,099 - INFO - Val Loss: 0.1261
2025-06-02 14:01:24,099 - INFO - Val Accuracy: 0.8359
2025-06-02 14:01:24,100 - INFO - 
[*] Epoch 28/30
2025-06-02 14:03:53,907 - INFO - Train Loss: 0.0621
2025-06-02 14:03:53,907 - INFO - Val Loss: 0.1285
2025-06-02 14:03:53,907 - INFO - Val Accuracy: 0.8252
2025-06-02 14:03:53,907 - INFO - 
[*] Epoch 29/30
2025-06-02 14:06:19,466 - INFO - Train Loss: 0.0674
2025-06-02 14:06:19,466 - INFO - Val Loss: 0.1278
2025-06-02 14:06:19,466 - INFO - Val Accuracy: 0.8321
2025-06-02 14:06:19,466 - INFO - 
[*] Epoch 30/30
2025-06-02 14:08:46,552 - INFO - Train Loss: 0.0592
2025-06-02 14:08:46,553 - INFO - Val Loss: 0.1343
2025-06-02 14:08:46,553 - INFO - Val Accuracy: 0.8191
2025-06-02 14:08:47,614 - INFO - [+] Checkpoint saved: checkpoints\checkpoint_epoch_30.pth
2025-06-02 14:08:47,615 - INFO - [+] Training completed!
2025-06-02 14:08:47,828 - INFO - [*] Step 3: Model Evaluation
2025-06-02 14:09:01,717 - INFO - [+] Model loaded from checkpoints/best_model.pth
2025-06-02 14:09:01,719 - INFO - [*] Evaluating model on test set...
2025-06-02 14:09:40,159 - INFO - [*] Test Results:
2025-06-02 14:09:40,159 - INFO - Distance-based Accuracy: 0.8280
2025-06-02 14:09:40,159 - INFO - Similarity-based Accuracy: 0.7242
2025-06-02 14:09:40,159 - INFO - Distance-based AUC: 0.8860
2025-06-02 14:09:40,159 - INFO - Similarity-based AUC: 0.8860
2025-06-02 14:09:40,160 - INFO - [*] Step 4: Results Visualization
2025-06-02 14:10:05,520 - INFO - [+] Training curves saved to results/plots/training_curves.png
2025-06-02 14:10:12,409 - INFO - [+] Evaluation plots saved to results/plots/evaluation_results.png
2025-06-02 14:10:12,448 - INFO - [+] Report saved to results/training_report.md
2025-06-02 14:10:12,449 - INFO - [*] Step 5: Demo Predictions
2025-06-02 14:10:13,069 - INFO - Demo Prediction Results:
2025-06-02 14:10:13,069 - INFO - Image 1: Megawati Sukarnoputri_0023.jpg
2025-06-02 14:10:13,069 - INFO - Image 2: Jack Straw_0030.jpg
2025-06-02 14:10:13,069 - INFO - Same Person (Distance): False
2025-06-02 14:10:13,070 - INFO - Same Person (Similarity): False
2025-06-02 14:10:13,070 - INFO - Distance: 1.8075
2025-06-02 14:10:13,070 - INFO - Similarity: -0.6335
2025-06-02 14:10:13,070 - INFO - [+] Pipeline completed successfully!
